=== AILinux Startup Log - So 16. Mär 12:49:36 CET 2025 ===
Working directory: /home/zombie/Downloads/ailinux/client
2025-03-16T12:49:36.602: info - === AILinux Startup Script ===
2025-03-16T12:49:36.603: info - Current directory: /home/zombie/Downloads/ailinux/client
2025-03-16T12:49:36.604: success - Running in local mode
2025-03-16T12:49:36.604: info - Finding compatible Python version...
[0;34mLooking for Python 3.9-3.11...[0m
2025-03-16T12:49:36.605: info - Looking for Python 3.9-3.11...
[0;34mSearching for compatible Python...[0m
2025-03-16T12:49:36.606: info - Searching for compatible Python...
Testing Python path: python3 - Python 3.12.3
Found working Python: python3 - Python 3.12.3
2025-03-16T12:49:36.612: success - Using Python: python3 - Python 3.12.3
2025-03-16T12:49:36.612: info - Setting up environment...
2025-03-16T12:49:36.615: info - Using existing .env file
2025-03-16T12:49:36.615: info - Checking Flask installation...
2025-03-16T12:49:36.795: success - Flask version 2.0.1 is installed
2025-03-16T12:49:36.796: info - Setting up backend server...
2025-03-16T12:49:36.796: info - Starting backend server...
2025-03-16T12:49:36.797: success - Backend started with PID: 17157
2025-03-16T12:49:36.798: info - Waiting for backend to start...
2025-03-16T12:49:38.801: info - Checking for start.js...
2025-03-16T12:49:38.802: success - Found start.js
2025-03-16T12:49:38.802: info - Starting frontend...
2025-03-16T12:49:38.963: info - Shutting down backend...
2025-03-16T12:49:38.964: error - AILinux exited with error code 1
